<?xml version="1.0" encoding="UTF-8"?>
<!-- Generated by org.testng.reporters.JUnitReportReporter -->
<testsuite hostname="DESKTOP-7DFDQ6H" failures="0" tests="1" name="com.sample.test.AutoEmailDashTest" time="0.964" errors="0" timestamp="2024-11-21T12:11:57 IST" skipped="0">
  <testcase classname="com.sample.test.AutoEmailDashTest" name="testFetchAddUpdateDeleteAutoMail" time="0.964"/>
  <system-out/>
</testsuite> <!-- com.sample.test.AutoEmailDashTest -->
