<?xml version="1.0" encoding="UTF-8"?>
<!-- Generated by org.testng.reporters.JUnitReportReporter -->
<testsuite hostname="DESKTOP-7DFDQ6H" failures="0" tests="1" name="com.sample.test.LoginAPITest" time="2.342" errors="0" timestamp="2024-11-21T11:51:48 IST" skipped="0">
  <testcase classname="com.sample.test.LoginAPITest" name="testDirectLogin" time="2.342"/>
  <system-out/>
</testsuite> <!-- com.sample.test.LoginAPITest -->
