<?xml version="1.0" encoding="UTF-8"?>
<!-- Generated by org.testng.reporters.JUnitReportReporter -->
<testsuite hostname="DESKTOP-7DFDQ6H" failures="0" tests="2" name="com.sample.test.LoginAPITest" time="26.591" errors="0" timestamp="2024-11-17T21:01:21 IST" skipped="0">
  <testcase classname="com.sample.test.LoginAPITest" name="testDirectLogin" time="1.832"/>
  <system-out/>
  <testcase classname="com.sample.test.LoginAPITest" name="testLoginWithOTP" time="24.759"/>
  <system-out/>
</testsuite> <!-- com.sample.test.LoginAPITest -->
