<?xml version="1.0" encoding="UTF-8"?>
<!-- Generated by org.testng.reporters.JUnitReportReporter -->
<testsuite hostname="DESKTOP-7DFDQ6H" failures="0" tests="1" name="com.sample.test.AutoEmailDashTest" time="3.362" errors="0" timestamp="2024-11-18T17:59:50 IST" skipped="0">
  <testcase classname="com.sample.test.AutoEmailDashTest" name="testFetchAddUpdateDeleteAutoMail" time="3.362"/>
  <system-out/>
</testsuite> <!-- com.sample.test.AutoEmailDashTest -->
